2025-04-20 17:02:44 - INFO - Starting monitoring of 4 endpoints
2025-04-20 17:02:45 - INFO - --- Health Check Results ---
2025-04-20 17:02:45 - INFO - dev-sre-take-home-exercise-rubric.us-east-1.recruiting-public.fetchrewards.com has 25% availability percentage
2025-04-20 17:03:00 - INFO - --- Health Check Results ---
2025-04-20 17:03:00 - INFO - dev-sre-take-home-exercise-rubric.us-east-1.recruiting-public.fetchrewards.com has 25% availability percentage
2025-04-20 17:03:15 - INFO - --- Health Check Results ---
2025-04-20 17:03:15 - INFO - dev-sre-take-home-exercise-rubric.us-east-1.recruiting-public.fetchrewards.com has 25% availability percentage
2025-04-20 19:17:15 - INFO - Starting monitoring of 4 endpoints
2025-04-20 19:17:16 - INFO - --- Health Check Results ---
2025-04-20 19:17:16 - INFO - dev-sre-take-home-exercise-rubric.us-east-1.recruiting-public.fetchrewards.com has 0% availability percentage
2025-04-20 19:17:31 - INFO - --- Health Check Results ---
2025-04-20 19:17:31 - INFO - dev-sre-take-home-exercise-rubric.us-east-1.recruiting-public.fetchrewards.com has 12% availability percentage
2025-04-20 19:17:46 - INFO - --- Health Check Results ---
2025-04-20 19:17:46 - INFO - dev-sre-take-home-exercise-rubric.us-east-1.recruiting-public.fetchrewards.com has 17% availability percentage
2025-04-20 19:18:01 - INFO - --- Health Check Results ---
2025-04-20 19:18:01 - INFO - dev-sre-take-home-exercise-rubric.us-east-1.recruiting-public.fetchrewards.com has 19% availability percentage
2025-04-20 19:18:22 - INFO - Starting monitoring of 4 endpoints
2025-04-20 19:18:23 - INFO - --- Health Check Results ---
2025-04-20 19:18:23 - INFO - dev-sre-take-home-exercise-rubric.us-east-1.recruiting-public.fetchrewards.com has 25% availability percentage
2025-04-20 19:18:38 - INFO - --- Health Check Results ---
2025-04-20 19:18:38 - INFO - dev-sre-take-home-exercise-rubric.us-east-1.recruiting-public.fetchrewards.com has 12% availability percentage
2025-04-20 19:20:35 - INFO - Starting monitoring of 4 endpoints
2025-04-20 19:20:36 - INFO - --- Health Check Results ---
2025-04-20 19:20:36 - INFO - dev-sre-take-home-exercise-rubric.us-east-1.recruiting-public.fetchrewards.com has 25% availability percentage
2025-04-20 19:20:51 - INFO - --- Health Check Results ---
2025-04-20 19:20:51 - INFO - dev-sre-take-home-exercise-rubric.us-east-1.recruiting-public.fetchrewards.com has 25% availability percentage
2025-04-20 19:21:06 - INFO - --- Health Check Results ---
2025-04-20 19:21:06 - INFO - dev-sre-take-home-exercise-rubric.us-east-1.recruiting-public.fetchrewards.com has 25% availability percentage
2025-04-20 20:53:42 - INFO - Starting monitoring of 4 endpoints
2025-04-20 20:53:43 - INFO - --- Health Check Results ---
2025-04-20 20:53:43 - INFO - dev-sre-take-home-exercise-rubric.us-east-1.recruiting-public.fetchrewards.com has 0% availability percentage
2025-04-20 20:53:58 - INFO - --- Health Check Results ---
2025-04-20 20:53:58 - INFO - dev-sre-take-home-exercise-rubric.us-east-1.recruiting-public.fetchrewards.com has 12% availability percentage
2025-04-20 20:54:13 - INFO - --- Health Check Results ---
2025-04-20 20:54:13 - INFO - dev-sre-take-home-exercise-rubric.us-east-1.recruiting-public.fetchrewards.com has 17% availability percentage
2025-04-20 20:54:28 - INFO - --- Health Check Results ---
2025-04-20 20:54:28 - INFO - dev-sre-take-home-exercise-rubric.us-east-1.recruiting-public.fetchrewards.com has 19% availability percentage
2025-04-20 20:54:43 - INFO - --- Health Check Results ---
2025-04-20 20:54:43 - INFO - dev-sre-take-home-exercise-rubric.us-east-1.recruiting-public.fetchrewards.com has 20% availability percentage
2025-04-20 20:54:58 - INFO - --- Health Check Results ---
2025-04-20 20:54:58 - INFO - dev-sre-take-home-exercise-rubric.us-east-1.recruiting-public.fetchrewards.com has 21% availability percentage
2025-04-20 20:55:13 - INFO - --- Health Check Results ---
2025-04-20 20:55:13 - INFO - dev-sre-take-home-exercise-rubric.us-east-1.recruiting-public.fetchrewards.com has 21% availability percentage
2025-04-20 20:55:28 - INFO - --- Health Check Results ---
2025-04-20 20:55:28 - INFO - dev-sre-take-home-exercise-rubric.us-east-1.recruiting-public.fetchrewards.com has 22% availability percentage
2025-04-20 20:55:43 - INFO - --- Health Check Results ---
2025-04-20 20:55:43 - INFO - dev-sre-take-home-exercise-rubric.us-east-1.recruiting-public.fetchrewards.com has 22% availability percentage
2025-04-20 20:55:58 - INFO - --- Health Check Results ---
2025-04-20 20:55:58 - INFO - dev-sre-take-home-exercise-rubric.us-east-1.recruiting-public.fetchrewards.com has 22% availability percentage
2025-04-20 20:56:13 - INFO - --- Health Check Results ---
2025-04-20 20:56:13 - INFO - dev-sre-take-home-exercise-rubric.us-east-1.recruiting-public.fetchrewards.com has 23% availability percentage
2025-04-20 20:56:28 - INFO - --- Health Check Results ---
2025-04-20 20:56:28 - INFO - dev-sre-take-home-exercise-rubric.us-east-1.recruiting-public.fetchrewards.com has 23% availability percentage
2025-04-20 20:56:43 - INFO - --- Health Check Results ---
2025-04-20 20:56:43 - INFO - dev-sre-take-home-exercise-rubric.us-east-1.recruiting-public.fetchrewards.com has 23% availability percentage
2025-04-20 20:56:58 - INFO - --- Health Check Results ---
2025-04-20 20:56:58 - INFO - dev-sre-take-home-exercise-rubric.us-east-1.recruiting-public.fetchrewards.com has 23% availability percentage
2025-04-20 20:57:13 - INFO - --- Health Check Results ---
2025-04-20 20:57:13 - INFO - dev-sre-take-home-exercise-rubric.us-east-1.recruiting-public.fetchrewards.com has 23% availability percentage
2025-04-20 20:57:28 - INFO - --- Health Check Results ---
2025-04-20 20:57:28 - INFO - dev-sre-take-home-exercise-rubric.us-east-1.recruiting-public.fetchrewards.com has 23% availability percentage
2025-04-20 20:57:43 - INFO - --- Health Check Results ---
2025-04-20 20:57:43 - INFO - dev-sre-take-home-exercise-rubric.us-east-1.recruiting-public.fetchrewards.com has 24% availability percentage
2025-04-20 20:57:58 - INFO - --- Health Check Results ---
2025-04-20 20:57:58 - INFO - dev-sre-take-home-exercise-rubric.us-east-1.recruiting-public.fetchrewards.com has 24% availability percentage
2025-04-20 21:11:49 - INFO - Starting monitoring of 4 endpoints
2025-04-20 21:11:50 - INFO - --- Health Check Results ---
2025-04-20 21:11:50 - INFO - www.google.com has 100% availability percentage
2025-04-20 21:11:50 - INFO - github.com has 100% availability percentage
2025-04-20 21:11:50 - INFO - stackoverflow.com has 100% availability percentage
2025-04-20 21:11:50 - INFO - example.com has 100% availability percentage
2025-04-20 21:12:05 - INFO - --- Health Check Results ---
2025-04-20 21:12:05 - INFO - www.google.com has 100% availability percentage
2025-04-20 21:12:05 - INFO - github.com has 100% availability percentage
2025-04-20 21:12:05 - INFO - stackoverflow.com has 100% availability percentage
2025-04-20 21:12:05 - INFO - example.com has 100% availability percentage
2025-04-20 21:12:20 - INFO - --- Health Check Results ---
2025-04-20 21:12:20 - INFO - www.google.com has 100% availability percentage
2025-04-20 21:12:20 - INFO - github.com has 100% availability percentage
2025-04-20 21:12:20 - INFO - stackoverflow.com has 100% availability percentage
2025-04-20 21:12:20 - INFO - example.com has 100% availability percentage
2025-04-20 21:12:35 - INFO - --- Health Check Results ---
2025-04-20 21:12:35 - INFO - www.google.com has 100% availability percentage
2025-04-20 21:12:35 - INFO - github.com has 100% availability percentage
2025-04-20 21:12:35 - INFO - stackoverflow.com has 100% availability percentage
2025-04-20 21:12:35 - INFO - example.com has 100% availability percentage
2025-04-20 21:12:50 - INFO - --- Health Check Results ---
2025-04-20 21:12:50 - INFO - www.google.com has 100% availability percentage
2025-04-20 21:12:50 - INFO - github.com has 100% availability percentage
2025-04-20 21:12:50 - INFO - stackoverflow.com has 100% availability percentage
2025-04-20 21:12:50 - INFO - example.com has 100% availability percentage
2025-04-20 21:13:05 - INFO - --- Health Check Results ---
2025-04-20 21:13:05 - INFO - www.google.com has 100% availability percentage
2025-04-20 21:13:05 - INFO - github.com has 100% availability percentage
2025-04-20 21:13:05 - INFO - stackoverflow.com has 100% availability percentage
2025-04-20 21:13:05 - INFO - example.com has 100% availability percentage
2025-04-20 21:13:42 - INFO - Starting monitoring of 3 endpoints
2025-04-20 21:13:42 - INFO - --- Health Check Results ---
2025-04-20 21:13:42 - INFO - www.google.com has 100% availability percentage
2025-04-20 21:13:42 - INFO - github.com has 100% availability percentage
2025-04-20 21:13:42 - INFO - stackoverflow.com has 100% availability percentage
2025-04-20 21:13:58 - INFO - --- Health Check Results ---
2025-04-20 21:13:58 - INFO - www.google.com has 100% availability percentage
2025-04-20 21:13:58 - INFO - github.com has 100% availability percentage
2025-04-20 21:13:58 - INFO - stackoverflow.com has 100% availability percentage
2025-04-20 21:14:12 - INFO - --- Health Check Results ---
2025-04-20 21:14:12 - INFO - www.google.com has 100% availability percentage
2025-04-20 21:14:12 - INFO - github.com has 100% availability percentage
2025-04-20 21:14:12 - INFO - stackoverflow.com has 100% availability percentage
